    @ml.test-content-db-xml
