    <!--Create Test Modules Database-->
    @ml.test-modules-db-xml
